<?xml version="1.0" encoding="UTF-8"?><testrun name="BenchmarkingBecanREFM" project="fr.inria.diverse.refm.competition.becan" tests="1" started="1" failures="0" errors="1" ignored="0">
  <testsuite name="fr.inria.diverse.refm.competition.becan.BenchmarkingBecanREFM" time="0.209">
    <testcase name="executeBenchmark" classname="fr.inria.diverse.refm.competition.becan.BenchmarkingBecanREFM" time="0.209">
      <error>java.lang.NoClassDefFoundError: scala/collection/GenTraversableOnce$class
	at com.github.tototoshi.csv.CSVReader$$anon$1.&lt;init&gt;(CSVReader.scala:59)
	at com.github.tototoshi.csv.CSVReader.iterator(CSVReader.scala:59)
	at com.github.tototoshi.csv.CSVReader.foreach(CSVReader.scala:57)
	at foreverse.afmsynthesis.reader.CSVConfigurationMatrixParser.parse(CSVConfigurationMatrixParser.scala:22)
	at foreverse.afmsynthesis.AFMSynthesis$.delayedEndpoint$foreverse$afmsynthesis$AFMSynthesis$1(AFMSynthesis.scala:50)
	at foreverse.afmsynthesis.AFMSynthesis$delayedInit$body.apply(AFMSynthesis.scala:17)
	at scala.Function0$class.apply$mcV$sp(Function0.scala:40)
	at scala.runtime.AbstractFunction0.apply$mcV$sp(AbstractFunction0.scala:12)
	at scala.App$$anonfun$main$1.apply(App.scala:76)
	at scala.App$$anonfun$main$1.apply(App.scala:76)
	at scala.collection.immutable.List.foreach(List.scala:383)
	at scala.collection.generic.TraversableForwarder$class.foreach(TraversableForwarder.scala:35)
	at scala.App$class.main(App.scala:76)
	at foreverse.afmsynthesis.AFMSynthesis$.main(AFMSynthesis.scala:17)
	at foreverse.afmsynthesis.AFMSynthesis.main(AFMSynthesis.scala)
	at fr.inria.diverse.refm.competition.becan.BecanREFM.execute(BecanREFM.java:26)
	at fr.inria.diverse.refm.competition.becan.BenchmarkingBecanREFM.executeBenchmark(BenchmarkingBecanREFM.java:39)
	at sun.reflect.NativeMethodAccessorImpl.invoke0(Native Method)
	at sun.reflect.NativeMethodAccessorImpl.invoke(NativeMethodAccessorImpl.java:62)
	at sun.reflect.DelegatingMethodAccessorImpl.invoke(DelegatingMethodAccessorImpl.java:43)
	at java.lang.reflect.Method.invoke(Method.java:483)
	at org.junit.runners.model.FrameworkMethod$1.runReflectiveCall(FrameworkMethod.java:47)
	at org.junit.internal.runners.model.ReflectiveCallable.run(ReflectiveCallable.java:12)
	at org.junit.runners.model.FrameworkMethod.invokeExplosively(FrameworkMethod.java:44)
	at org.junit.internal.runners.statements.InvokeMethod.evaluate(InvokeMethod.java:17)
	at org.junit.internal.runners.statements.RunBefores.evaluate(RunBefores.java:26)
	at org.junit.runners.ParentRunner.runLeaf(ParentRunner.java:271)
	at org.junit.runners.BlockJUnit4ClassRunner.runChild(BlockJUnit4ClassRunner.java:70)
	at org.junit.runners.BlockJUnit4ClassRunner.runChild(BlockJUnit4ClassRunner.java:50)
	at org.junit.runners.ParentRunner$3.run(ParentRunner.java:238)
	at org.junit.runners.ParentRunner$1.schedule(ParentRunner.java:63)
	at org.junit.runners.ParentRunner.runChildren(ParentRunner.java:236)
	at org.junit.runners.ParentRunner.access$000(ParentRunner.java:53)
	at org.junit.runners.ParentRunner$2.evaluate(ParentRunner.java:229)
	at org.junit.runners.ParentRunner.run(ParentRunner.java:309)
	at org.eclipse.jdt.internal.junit4.runner.JUnit4TestReference.run(JUnit4TestReference.java:50)
	at org.eclipse.jdt.internal.junit.runner.TestExecution.run(TestExecution.java:38)
	at org.eclipse.jdt.internal.junit.runner.RemoteTestRunner.runTests(RemoteTestRunner.java:459)
	at org.eclipse.jdt.internal.junit.runner.RemoteTestRunner.runTests(RemoteTestRunner.java:675)
	at org.eclipse.jdt.internal.junit.runner.RemoteTestRunner.run(RemoteTestRunner.java:382)
	at org.eclipse.jdt.internal.junit.runner.RemoteTestRunner.main(RemoteTestRunner.java:192)
Caused by: java.lang.ClassNotFoundException: scala.collection.GenTraversableOnce$class
	at java.net.URLClassLoader$1.run(URLClassLoader.java:372)
	at java.net.URLClassLoader$1.run(URLClassLoader.java:361)
	at java.security.AccessController.doPrivileged(Native Method)
	at java.net.URLClassLoader.findClass(URLClassLoader.java:360)
	at java.lang.ClassLoader.loadClass(ClassLoader.java:424)
	at sun.misc.Launcher$AppClassLoader.loadClass(Launcher.java:308)
	at java.lang.ClassLoader.loadClass(ClassLoader.java:357)
	... 41 more

</error>
    </testcase>
  </testsuite>
</testrun>
