<?xml version="1.0" encoding="UTF-8"?><testrun name="BenchmarkingHaslingerREFM" project="fr.inria.diverse.refm.competition.haslinger" tests="1" started="1" failures="0" errors="1" ignored="0">
  <testsuite name="fr.inria.diverse.refm.competition.haslinger.BenchmarkingHaslingerREFM" time="0.207">
    <testcase name="executeBenchmark" classname="fr.inria.diverse.refm.competition.haslinger.BenchmarkingHaslingerREFM" time="0.207">
      <error>fm.FeatureModelException: Error parsing extra constraint labelled 'constraint_1' (variable id 'F2' used in the formula is not defined in the feature tree).
	at fm.XMLFeatureModel.parseConstraints(XMLFeatureModel.java:147)
	at fm.XMLFeatureModel.createNodes(XMLFeatureModel.java:100)
	at fm.FeatureModel.loadModel(FeatureModel.java:799)
	at es.us.isa.FAMA.models.FAMAfeatureModel.fileformats.SPLXReader.parse(SPLXReader.java:74)
	at es.us.isa.FAMA.models.FAMAfeatureModel.fileformats.SPLXReader.parseFile(SPLXReader.java:59)
	at fr.inria.diverse.refm.competition.haslinger.HaslingerREFM.execute(HaslingerREFM.java:22)
	at fr.inria.diverse.refm.competition.haslinger.BenchmarkingHaslingerREFM.executeBenchmark(BenchmarkingHaslingerREFM.java:37)
	at sun.reflect.NativeMethodAccessorImpl.invoke0(Native Method)
	at sun.reflect.NativeMethodAccessorImpl.invoke(NativeMethodAccessorImpl.java:62)
	at sun.reflect.DelegatingMethodAccessorImpl.invoke(DelegatingMethodAccessorImpl.java:43)
	at java.lang.reflect.Method.invoke(Method.java:483)
	at org.junit.runners.model.FrameworkMethod$1.runReflectiveCall(FrameworkMethod.java:47)
	at org.junit.internal.runners.model.ReflectiveCallable.run(ReflectiveCallable.java:12)
	at org.junit.runners.model.FrameworkMethod.invokeExplosively(FrameworkMethod.java:44)
	at org.junit.internal.runners.statements.InvokeMethod.evaluate(InvokeMethod.java:17)
	at org.junit.internal.runners.statements.RunBefores.evaluate(RunBefores.java:26)
	at org.junit.runners.ParentRunner.runLeaf(ParentRunner.java:271)
	at org.junit.runners.BlockJUnit4ClassRunner.runChild(BlockJUnit4ClassRunner.java:70)
	at org.junit.runners.BlockJUnit4ClassRunner.runChild(BlockJUnit4ClassRunner.java:50)
	at org.junit.runners.ParentRunner$3.run(ParentRunner.java:238)
	at org.junit.runners.ParentRunner$1.schedule(ParentRunner.java:63)
	at org.junit.runners.ParentRunner.runChildren(ParentRunner.java:236)
	at org.junit.runners.ParentRunner.access$000(ParentRunner.java:53)
	at org.junit.runners.ParentRunner$2.evaluate(ParentRunner.java:229)
	at org.junit.runners.ParentRunner.run(ParentRunner.java:309)
	at org.eclipse.jdt.internal.junit4.runner.JUnit4TestReference.run(JUnit4TestReference.java:50)
	at org.eclipse.jdt.internal.junit.runner.TestExecution.run(TestExecution.java:38)
	at org.eclipse.jdt.internal.junit.runner.RemoteTestRunner.runTests(RemoteTestRunner.java:459)
	at org.eclipse.jdt.internal.junit.runner.RemoteTestRunner.runTests(RemoteTestRunner.java:675)
	at org.eclipse.jdt.internal.junit.runner.RemoteTestRunner.run(RemoteTestRunner.java:382)
	at org.eclipse.jdt.internal.junit.runner.RemoteTestRunner.main(RemoteTestRunner.java:192)

</error>
    </testcase>
  </testsuite>
</testrun>
